21:23:27.822 [main] INFO  testCases.TC_001_AccountRegistrationTest - *** Starting TC_001_AccountRegistrationTest  ***
21:23:27.915 [main] INFO  testCases.TC_001_AccountRegistrationTest - Clicked on myaccount...
21:23:28.257 [main] INFO  testCases.TC_001_AccountRegistrationTest - Clicked on Register link...
21:23:28.332 [main] INFO  testCases.TC_001_AccountRegistrationTest - Provided first name...
21:23:28.398 [main] INFO  testCases.TC_001_AccountRegistrationTest - Provided last name...
21:23:28.481 [main] INFO  testCases.TC_001_AccountRegistrationTest - Provided email address...
21:23:28.547 [main] INFO  testCases.TC_001_AccountRegistrationTest - Provided password...
21:23:28.592 [main] INFO  testCases.TC_001_AccountRegistrationTest - *** Congratulations, Your Account Registration is Successful ***
11:01:13.388 [main] INFO  testCases.TC_001_AccountRegistrationTest - *** Starting TC_001_AccountRegistrationTest  ***
11:01:13.513 [main] INFO  testCases.TC_001_AccountRegistrationTest - Clicked on my account...
11:01:14.159 [main] INFO  testCases.TC_001_AccountRegistrationTest - Clicked on Register link...
11:01:14.297 [main] INFO  testCases.TC_001_AccountRegistrationTest - Provided first name...
11:01:14.388 [main] INFO  testCases.TC_001_AccountRegistrationTest - Provided last name...
11:01:14.505 [main] INFO  testCases.TC_001_AccountRegistrationTest - Provided email address...
11:01:14.596 [main] INFO  testCases.TC_001_AccountRegistrationTest - Provided password...
11:01:14.657 [main] INFO  testCases.TC_001_AccountRegistrationTest - *** Congratulations, Your Account Registration is Successful ***
11:21:16.119 [main] INFO  testCases.TC_001_AccountRegistrationTest - *** Starting TC_001_AccountRegistrationTest  ***
11:21:16.242 [main] INFO  testCases.TC_001_AccountRegistrationTest - Clicked on my account...
11:21:16.680 [main] INFO  testCases.TC_001_AccountRegistrationTest - Clicked on Register link...
11:21:16.792 [main] INFO  testCases.TC_001_AccountRegistrationTest - Provided first name...
11:21:16.887 [main] INFO  testCases.TC_001_AccountRegistrationTest - Provided last name...
11:21:17.007 [main] INFO  testCases.TC_001_AccountRegistrationTest - Provided email address...
11:21:17.097 [main] INFO  testCases.TC_001_AccountRegistrationTest - Provided password...
11:21:17.160 [main] INFO  testCases.TC_001_AccountRegistrationTest - *** Congratulations, Your Account Registration is Successful ***
11:21:44.448 [main] INFO  testCases.TC_001_AccountRegistrationTest - *** Starting TC_001_AccountRegistrationTest  ***
11:21:44.582 [main] INFO  testCases.TC_001_AccountRegistrationTest - Clicked on my account...
11:21:45.043 [main] INFO  testCases.TC_001_AccountRegistrationTest - Clicked on Register link...
11:21:45.152 [main] INFO  testCases.TC_001_AccountRegistrationTest - Provided first name...
11:21:45.259 [main] INFO  testCases.TC_001_AccountRegistrationTest - Provided last name...
11:21:45.376 [main] INFO  testCases.TC_001_AccountRegistrationTest - Provided email address...
11:21:45.466 [main] INFO  testCases.TC_001_AccountRegistrationTest - Provided password...
11:21:45.528 [main] INFO  testCases.TC_001_AccountRegistrationTest - *** Congratulations, Your Account Registration is Successful ***
11:36:11.576 [TestNG-tests-1] INFO  testCases.TC_001_AccountRegistrationTest - *** Starting TC_001_AccountRegistrationTest  ***
11:36:11.616 [TestNG-tests-2] INFO  testCases.TC_001_AccountRegistrationTest - *** Starting TC_001_AccountRegistrationTest  ***
11:36:11.735 [TestNG-tests-2] INFO  testCases.TC_001_AccountRegistrationTest - Clicked on my account...
11:36:11.763 [TestNG-tests-1] INFO  testCases.TC_001_AccountRegistrationTest - Clicked on my account...
11:36:12.372 [TestNG-tests-2] INFO  testCases.TC_001_AccountRegistrationTest - Clicked on Register link...
11:36:12.408 [TestNG-tests-1] INFO  testCases.TC_001_AccountRegistrationTest - Clicked on Register link...
11:36:12.513 [TestNG-tests-2] INFO  testCases.TC_001_AccountRegistrationTest - Provided first name...
11:36:12.536 [TestNG-tests-1] INFO  testCases.TC_001_AccountRegistrationTest - Provided first name...
11:36:12.671 [TestNG-tests-1] INFO  testCases.TC_001_AccountRegistrationTest - Provided last name...
11:36:12.678 [TestNG-tests-2] INFO  testCases.TC_001_AccountRegistrationTest - Provided last name...
11:36:12.786 [TestNG-tests-2] INFO  testCases.TC_001_AccountRegistrationTest - Provided email address...
11:36:12.803 [TestNG-tests-1] INFO  testCases.TC_001_AccountRegistrationTest - Provided email address...
11:36:12.870 [TestNG-tests-2] INFO  testCases.TC_001_AccountRegistrationTest - Provided password...
11:36:12.890 [TestNG-tests-1] INFO  testCases.TC_001_Accoun - *** Congratulations, Your Account Registration is Successful ***
16:01:44.673 [main] INFO  testCases.TC_001_AccountRegistrationTest - *** Starting TC_001_AccountRegistrationTest  ***
16:01:44.808 [main] INFO  testCases.TC_001_AccountRegistrationTest - Clicked on my account...
16:01:45.449 [main] INFO  testCases.TC_001_AccountRegistrationTest - Clicked on Register link...
16:01:45.573 [main] INFO  testCases.TC_001_AccountRegistrationTest - Provided first name...
16:01:45.670 [main] INFO  testCases.TC_001_AccountRegistrationTest - Provided last name...
16:01:45.796 [main] INFO  testCases.TC_001_AccountRegistrationTest - Provided email address...
16:01:45.886 [main] INFO  testCases.TC_001_AccountRegistrationTest - Provided password...
16:01:45.951 [main] INFO  testCases.TC_001_AccountRegistrationTest - *** Congratulations, Your Account Registration is Successful ***
10:30:07.236 [main] INFO  testCases.TC_001_AccountRegistrationTest - *** Starting TC_001_AccountRegistrationTest  ***
10:30:07.365 [main] INFO  testCases.TC_001_AccountRegistrationTest - Clicked on my account...
10:30:07.852 [main] INFO  testCases.TC_001_AccountRegistrationTest - Clicked on Register link...
10:30:07.984 [main] INFO  testCases.TC_001_AccountRegistrationTest - Provided first name...
10:30:08.084 [main] INFO  testCases.TC_001_AccountRegistrationTest - Provided last name...
10:30:08.200 [main] INFO  testCases.TC_001_AccountRegistrationTest - Provided email address...
10:30:08.292 [main] INFO  testCases.TC_001_AccountRegistrationTest - Provided password...
10:30:08.353 [main] INFO  testCases.TC_001_AccountRegistrationTest - *** Congratulations, Your Account Registration is Successful ***
13:49:06.671 [main] INFO  testCases.TC_002_LoginTest -  Provided Valid email...
13:49:06.757 [main] INFO  testCases.TC_002_LoginTest -  Provided Valid Password...
13:49:06.810 [main] INFO  testCases.TC_002_LoginTest -  Clicked on Login button...
13:49:07.197 [main] INFO  testCases.TC_002_LoginTest -  Finished TC_002_LoginTest
15:52:17.515 [main] INFO  testCases.TC_003_LoginDDT -  *** Starting TC_003_LoginDDT *** 
15:52:18.106 [main] INFO  testCases.TC_003_LoginDDT - Providing Login Credentials...
15:52:20.300 [main] INFO  testCases.TC_003_LoginDDT -  *** Starting TC_003_LoginDDT *** 
15:52:21.618 [main] INFO  testCases.TC_003_LoginDDT -  *** Starting TC_003_LoginDDT *** 
15:52:31.981 [main] INFO  testCases.TC_003_LoginDDT -  *** Starting TC_003_LoginDDT *** 
15:52:42.267 [main] INFO  testCases.TC_003_LoginDDT -  *** Starting TC_003_LoginDDT *** 
16:01:11.557 [main] INFO  testCases.TC_003_LoginDDT -  *** Starting TC_003_LoginDDT *** 
16:01:12.114 [main] INFO  testCases.TC_003_LoginDDT - Providing Login Credentials...
16:01:14.267 [main] INFO  testCases.TC_003_LoginDDT -  *** Starting TC_003_LoginDDT *** 
16:01:15.521 [main] INFO  testCases.TC_003_LoginDDT -  *** Starting TC_003_LoginDDT *** 
16:01:25.831 [main] INFO  testCases.TC_003_LoginDDT -  *** Starting TC_003_LoginDDT *** 
16:01:36.044 [main] INFO  testCases.TC_003_LoginDDT -  *** Starting TC_003_LoginDDT *** 
17:03:12.592 [main] INFO  testCases.TC_003_LoginDDT -  *** Starting TC_003_LoginDDT *** 
17:03:13.167 [main] INFO  testCases.TC_003_LoginDDT - Providing Login Credentials...
17:03:15.419 [main] INFO  testCases.TC_003_LoginDDT -  *** Starting TC_003_LoginDDT *** 
17:03:16.731 [main] INFO  testCases.TC_003_LoginDDT -  *** Starting TC_003_LoginDDT *** 
17:03:27.074 [main] INFO  testCases.TC_003_LoginDDT -  *** Starting TC_003_LoginDDT *** 
17:04:41.102 [main] INFO  testCases.TC_003_LoginDDT -  *** Starting TC_003_LoginDDT *** 
17:04:41.598 [main] INFO  testCases.TC_003_LoginDDT - Providing Login Credentials...
17:04:42.714 [main] INFO  testCases.TC_003_LoginDDT -  *** Starting TC_003_LoginDDT *** 
17:04:53.021 [main] INFO  testCases.TC_003_LoginDDT -  *** Starting TC_003_LoginDDT *** 
17:15:25.193 [main] INFO  testCases.TC_003_LoginDDT -  *** Starting TC_003_LoginDDT *** 
17:15:25.772 [main] INFO  testCases.TC_003_LoginDDT - Providing Login Credentials...
17:15:27.287 [main] INFO  testCases.TC_003_LoginDDT -  *** Starting TC_003_LoginDDT *** 
17:15:27.686 [main] INFO  testCases.TC_003_LoginDDT - Providing Login Credentials...
17:15:38.036 [main] INFO  testCases.TC_003_LoginDDT -  ***Finished TC_003_LoginDDT*** 
17:15:38.038 [main] INFO  testCases.TC_003_LoginDDT -  *** Starting TC_003_LoginDDT *** 
17:15:38.729 [main] INFO  testCases.TC_003_LoginDDT - Providing Login Credentials...
17:15:49.107 [main] INFO  testCases.TC_003_LoginDDT -  ***Finished TC_003_LoginDDT*** 
17:15:49.107 [main] INFO  testCases.TC_003_LoginDDT -  *** Starting TC_003_LoginDDT *** 
17:15:49.459 [main] INFO  testCases.TC_003_LoginDDT - Providing Login Credentials...
17:15:59.680 [main] INFO  testCases.TC_003_LoginDDT -  ***Finished TC_003_LoginDDT*** 
17:15:59.680 [main] INFO  testCases.TC_003_LoginDDT -  *** Starting TC_003_LoginDDT *** 
17:16:00.023 [main] INFO  testCases.TC_003_LoginDDT - Providing Login Credentials...
17:16:01.001 [main] INFO  testCases.TC_003_LoginDDT -  ***Finished TC_003_LoginDDT*** 
15:01:03.559 [main] INFO  testCases.TC_001_AccountRegistrationTest - *** Starting TC_001_AccountRegistrationTest  ***
15:01:03.647 [main] INFO  testCases.TC_001_AccountRegistrationTest - Clicked on my account...
15:01:04.109 [main] INFO  testCases.TC_001_AccountRegistrationTest - Clicked on Register link...
15:01:04.192 [main] INFO  testCases.TC_001_AccountRegistrationTest - Provided first name...
15:01:04.264 [main] INFO  testCases.TC_001_AccountRegistrationTest - Provided last name...
15:01:04.342 [main] INFO  testCases.TC_001_AccountRegistrationTest - Provided email address...
15:01:04.404 [main] INFO  testCases.TC_001_AccountRegistrationTest - Provided password...
15:01:04.452 [main] INFO  testCases.TC_001_AccountRegistrationTest - *** Congratulations, Your Account Registration is Successful ***
15:01:05.946 [main] INFO  testCases.TC_002_LoginTest -  *** Starting TC_002_LoginTest *** 
15:01:06.482 [main] INFO  testCases.TC_002_LoginTest -  Provided Valid email...
15:01:06.547 [main] INFO  testCases.TC_002_LoginTest -  Provided Valid Password...
15:01:06.601 [main] INFO  testCases.TC_002_LoginTest -  Clicked on Login button...
15:01:07.129 [main] INFO  testCases.TC_002_LoginTest -  Finished TC_002_LoginTest
07:43:59.525 [main] INFO  testCases.TC_003_LoginDDT -  *** Starting TC_003_LoginDDT *** 
07:44:00.148 [main] INFO  testCases.TC_003_LoginDDT - Providing Login Credentials...
07:44:01.814 [main] INFO  testCases.TC_003_LoginDDT -  *** Starting TC_003_LoginDDT *** 
07:44:02.222 [main] INFO  testCases.TC_003_LoginDDT - Providing Login Credentials...
07:44:12.511 [main] INFO  testCases.TC_003_LoginDDT -  ***Finished TC_003_LoginDDT*** 
07:44:12.511 [main] INFO  testCases.TC_003_LoginDDT -  *** Starting TC_003_LoginDDT *** 
07:44:13.126 [main] INFO  testCases.TC_003_LoginDDT - Providing Login Credentials...
07:44:20.648 [main] INFO  testCases.TC_003_LoginDDT -  ***Finished TC_003_LoginDDT*** 
07:44:20.648 [main] INFO  testCases.TC_003_LoginDDT -  *** Starting TC_003_LoginDDT *** 
07:45:43.754 [main] INFO  testCases.TC_001_AccountRegistrationTest - *** Starting TC_001_AccountRegistrationTest  ***
07:45:43.870 [main] INFO  testCases.TC_001_AccountRegistrationTest - Clicked on my account...
07:45:44.316 [main] INFO  testCases.TC_001_AccountRegistrationTest - Clicked on Register link...
07:45:44.431 [main] INFO  testCases.TC_001_AccountRegistrationTest - Provided first name...
07:45:44.526 [main] INFO  testCases.TC_001_AccountRegistrationTest - Provided last name...
07:45:44.647 [main] INFO  testCases.TC_001_AccountRegistrationTest - Provided email address...
07:45:44.736 [main] INFO  testCases.TC_001_AccountRegistrationTest - Provided password...
07:45:44.801 [main] INFO  testCases.TC_001_AccountRegistrationTest - *** Congratulations, Your Account Registration is Successful ***
07:45:46.441 [main] INFO  testCases.TC_002_LoginTest -  *** Starting TC_002_LoginTest *** 
07:45:46.919 [main] INFO  testCases.TC_002_LoginTest -  Provided Valid email...
07:45:46.987 [main] INFO  testCases.TC_002_LoginTest -  Provided Valid Password...
07:45:47.045 [main] INFO  testCases.TC_002_LoginTest -  Clicked on Login button...
07:45:47.449 [main] INFO  testCases.TC_002_LoginTest -  Finished TC_002_LoginTest
08:01:14.555 [main] INFO  testCases.TC_001_AccountRegistrationTest - *** Starting TC_001_AccountRegistrationTest  ***
08:01:14.681 [main] INFO  testCases.TC_001_AccountRegistrationTest - Clicked on my account...
08:01:15.072 [main] INFO  testCases.TC_001_AccountRegistrationTest - Clicked on Register link...
08:01:15.204 [main] INFO  testCases.TC_001_AccountRegistrationTest - Provided first name...
08:01:15.288 [main] INFO  testCases.TC_001_AccountRegistrationTest - Provided last name...
08:01:15.411 [main] INFO  testCases.TC_001_AccountRegistrationTest - Provided email address...
08:01:15.499 [main] INFO  testCases.TC_001_AccountRegistrationTest - Provided password...
08:01:15.568 [main] INFO  testCases.TC_001_AccountRegistrationTest - *** Congratulations, Your Account Registration is Successful ***
08:01:17.395 [main] INFO  testCases.TC_002_LoginTest -  *** Starting TC_002_LoginTest *** 
08:01:18.002 [main] INFO  testCases.TC_002_LoginTest -  Provided Valid email...
08:01:18.079 [main] INFO  testCases.TC_002_LoginTest -  Provided Valid Password...
08:01:18.138 [main] INFO  testCases.TC_002_LoginTest -  Clicked on Login button...
08:01:18.537 [main] INFO  testCases.TC_002_LoginTest -  Finished TC_002_LoginTest
08:17:18.125 [main] INFO  testCases.TC_001_AccountRegistrationTest - *** Starting TC_001_AccountRegistrationTest  ***
08:17:18.264 [main] INFO  testCases.TC_001_AccountRegistrationTest - Clicked on my account...
08:17:18.684 [main] INFO  testCases.TC_001_AccountRegistrationTest - Clicked on Register link...
08:17:18.795 [main] INFO  testCases.TC_001_AccountRegistrationTest - Provided first name...
08:17:18.906 [main] INFO  testCases.TC_001_AccountRegistrationTest - Provided last name...
08:17:19.026 [main] INFO  testCases.TC_001_AccountRegistrationTest - Provided email address...
08:17:19.110 [main] INFO  testCases.TC_001_AccountRegistrationTest - Provided password...
08:17:19.169 [main] INFO  testCases.TC_001_AccountRegistrationTest - *** Congratulations, Your Account Registration is Successful ***
08:17:20.710 [main] INFO  testCases.TC_002_LoginTest -  *** Starting TC_002_LoginTest *** 
08:17:21.246 [main] INFO  testCases.TC_002_LoginTest -  Provided Valid email...
08:17:21.320 [main] INFO  testCases.TC_002_LoginTest -  Provided Valid Password...
08:17:21.382 [main] INFO  testCases.TC_002_LoginTest -  Clicked on Login button...
08:17:21.812 [main] INFO  testCases.TC_002_LoginTest -  Finished TC_002_LoginTest
